<?xml version="1.0" encoding="UTF-8"?>
<testng-results skipped="0" failed="0" total="2" passed="2">
  <reporter-output>
  </reporter-output>
  <suite name="Suite" duration-ms="42668" started-at="2017-02-09T14:32:02Z" finished-at="2017-02-09T14:32:45Z">
    <groups>
    </groups>
    <test name="Test" duration-ms="42668" started-at="2017-02-09T14:32:02Z" finished-at="2017-02-09T14:32:45Z">
      <class name="MAX.SeleniumHQ">
        <test-method status="PASS" signature="beforeTest()[pri:0, instance:MAX.SeleniumHQ@215be6bb]" name="beforeTest" is-config="true" duration-ms="2649" started-at="2017-02-09T09:32:02Z" finished-at="2017-02-09T09:32:05Z">
          <reporter-output>
          </reporter-output>
        </test-method> <!-- beforeTest -->
        <test-method status="PASS" signature="testEasy()[pri:0, instance:MAX.SeleniumHQ@215be6bb]" name="testEasy" duration-ms="11347" started-at="2017-02-09T09:32:05Z" finished-at="2017-02-09T09:32:16Z">
          <reporter-output>
          </reporter-output>
        </test-method> <!-- testEasy -->
        <test-method status="PASS" signature="afterTest()[pri:0, instance:MAX.SeleniumHQ@215be6bb]" name="afterTest" is-config="true" duration-ms="1209" started-at="2017-02-09T09:32:44Z" finished-at="2017-02-09T09:32:45Z">
          <reporter-output>
          </reporter-output>
        </test-method> <!-- afterTest -->
      </class> <!-- MAX.SeleniumHQ -->
      <class name="MAX.SeleniumHQJUNIT">
        <test-method status="PASS" signature="openBrowser()[pri:0, instance:MAX.SeleniumHQJUNIT@396a51ab]" name="openBrowser" is-config="true" duration-ms="1648" started-at="2017-02-09T09:32:16Z" finished-at="2017-02-09T09:32:18Z">
          <reporter-output>
          </reporter-output>
        </test-method> <!-- openBrowser -->
        <test-method status="PASS" signature="valid_UserCredential()[pri:0, instance:MAX.SeleniumHQJUNIT@396a51ab]" name="valid_UserCredential" duration-ms="24540" started-at="2017-02-09T09:32:18Z" finished-at="2017-02-09T09:32:43Z">
          <reporter-output>
          </reporter-output>
        </test-method> <!-- valid_UserCredential -->
        <test-method status="PASS" signature="closeBrowser()[pri:0, instance:MAX.SeleniumHQJUNIT@396a51ab]" name="closeBrowser" is-config="true" duration-ms="1265" started-at="2017-02-09T09:32:43Z" finished-at="2017-02-09T09:32:44Z">
          <reporter-output>
          </reporter-output>
        </test-method> <!-- closeBrowser -->
      </class> <!-- MAX.SeleniumHQJUNIT -->
    </test> <!-- Test -->
  </suite> <!-- Suite -->
</testng-results>
