<?xml version="1.0" encoding="UTF-8" ?>
<testsuite tests="2" failures="2" name="TestSuite" time="10.838" errors="0" skipped="0">
  <properties>
[...]
</properties>
  <testcase classname="MAX.SeleniumHQ" name="testEasy" time="0.888">
    <failure type="java.lang.AssertionError:">java.lang.AssertionError: 
	at org.testng.AssertJUnit.fail(AssertJUnit.java:59)
	at org.testng.AssertJUnit.assertTrue(AssertJUnit.java:24)
	at org.testng.AssertJUnit.assertTrue(AssertJUnit.java:33)
	at MAX.SeleniumHQ.testEasy(SeleniumHQ.java:23)
</failure>
    <system-out>08:45:12,221 |-INFO in ch.qos.logback.classic.LoggerContext[default] - Could NOT find resource [logback.groovy]
08:45:12,221 |-INFO in ch.qos.logback.classic.LoggerContext[default] - Could NOT find resource [logback-test.xml]
08:45:12,221 |-INFO in ch.qos.logback.classic.LoggerContext[default] - Found resource [logback.xml] at [file:/C:/Users/VDW7QYM/workspace/CounterWebApp/target/classes/logback.xml]
08:45:12,320 |-INFO in ch.qos.logback.classic.joran.action.ConfigurationAction - debug attribute not set
08:45:12,324 |-INFO in ch.qos.logback.core.joran.action.AppenderAction - About to instantiate appender of type [ch.qos.logback.core.ConsoleAppender]
08:45:12,330 |-INFO in ch.qos.logback.core.joran.action.AppenderAction - Naming appender as [STDOUT]
08:45:12,381 |-WARN in ch.qos.logback.core.ConsoleAppender[STDOUT] - This appender no longer admits a layout as a sub-component, set an encoder instead.
08:45:12,381 |-WARN in ch.qos.logback.core.ConsoleAppender[STDOUT] - To ensure compatibility, wrapping your layout in LayoutWrappingEncoder.
08:45:12,381 |-WARN in ch.qos.logback.core.ConsoleAppender[STDOUT] - See also http://logback.qos.ch/codes.html#layoutInsteadOfEncoder for details
08:45:12,381 |-INFO in ch.qos.logback.classic.joran.action.LoggerAction - Setting level of logger [com.mkyong.controller] to DEBUG
08:45:12,381 |-INFO in ch.qos.logback.classic.joran.action.LoggerAction - Setting additivity of logger [com.mkyong.controller] to false
08:45:12,382 |-INFO in ch.qos.logback.core.joran.action.AppenderRefAction - Attaching appender named [STDOUT] to Logger[com.mkyong.controller]
08:45:12,382 |-INFO in ch.qos.logback.classic.joran.action.RootLoggerAction - Setting level of ROOT logger to ERROR
08:45:12,382 |-INFO in ch.qos.logback.core.joran.action.AppenderRefAction - Attaching appender named [STDOUT] to Logger[ROOT]
08:45:12,382 |-INFO in ch.qos.logback.classic.joran.action.ConfigurationAction - End of configuration.
08:45:12,383 |-INFO in ch.qos.logback.classic.joran.JoranConfigurator@5c30a9b0 - Registering current configuration as safe fallback point

</system-out>
    <system-err>Starting ChromeDriver 2.27.440174 (e97a722caafc2d3a8b807ee115bfb307f7d2cfd9) on port 57799
Only local connections are allowed.
</system-err>
  </testcase>
  <testcase classname="MAX.SeleniumHQJUNIT" name="valid_UserCredential" time="9.95">
    <failure type="java.lang.NullPointerException">java.lang.NullPointerException
	at MAX.SeleniumHQJUNIT.valid_UserCredential(SeleniumHQJUNIT.java:37)
</failure>
    <system-out>Starting test valid_UserCredential
</system-out>
    <system-err>Starting ChromeDriver 2.27.440174 (e97a722caafc2d3a8b807ee115bfb307f7d2cfd9) on port 24396
Only local connections are allowed.
</system-err>
  </testcase>
</testsuite>