<?xml version="1.0" encoding="UTF-8"?>
<testng-results skipped="0" failed="0" total="2" passed="2">
  <reporter-output>
  </reporter-output>
  <suite name="Default suite" duration-ms="15321" started-at="2017-02-08T10:56:16Z" finished-at="2017-02-08T10:56:32Z">
    <groups>
    </groups>
    <test name="Default test" duration-ms="15321" started-at="2017-02-08T10:56:16Z" finished-at="2017-02-08T10:56:32Z">
      <class name="MAX.SeleniumHQ">
        <test-method status="PASS" signature="beforeTest()[pri:0, instance:MAX.SeleniumHQ@1416a80a]" name="beforeTest" is-config="true" duration-ms="2853" started-at="2017-02-08T05:56:16Z" finished-at="2017-02-08T05:56:19Z">
          <reporter-output>
          </reporter-output>
        </test-method> <!-- beforeTest -->
        <test-method status="PASS" signature="testEasy()[pri:0, instance:MAX.SeleniumHQ@1416a80a]" name="testEasy" duration-ms="1527" started-at="2017-02-08T05:56:19Z" finished-at="2017-02-08T05:56:21Z">
          <reporter-output>
          </reporter-output>
        </test-method> <!-- testEasy -->
        <test-method status="PASS" signature="afterTest()[pri:0, instance:MAX.SeleniumHQ@1416a80a]" name="afterTest" is-config="true" duration-ms="844" started-at="2017-02-08T05:56:31Z" finished-at="2017-02-08T05:56:32Z">
          <reporter-output>
          </reporter-output>
        </test-method> <!-- afterTest -->
      </class> <!-- MAX.SeleniumHQ -->
      <class name="MAX.SeleniumHQJUNIT">
        <test-method status="PASS" signature="openBrowser()[pri:0, instance:MAX.SeleniumHQJUNIT@1b9776f5]" name="openBrowser" is-config="true" duration-ms="1065" started-at="2017-02-08T05:56:21Z" finished-at="2017-02-08T05:56:22Z">
          <reporter-output>
          </reporter-output>
        </test-method> <!-- openBrowser -->
        <test-method status="PASS" signature="valid_UserCredential()[pri:0, instance:MAX.SeleniumHQJUNIT@1b9776f5]" name="valid_UserCredential" duration-ms="8018" started-at="2017-02-08T05:56:22Z" finished-at="2017-02-08T05:56:30Z">
          <reporter-output>
          </reporter-output>
        </test-method> <!-- valid_UserCredential -->
        <test-method status="PASS" signature="closeBrowser()[pri:0, instance:MAX.SeleniumHQJUNIT@1b9776f5]" name="closeBrowser" is-config="true" duration-ms="992" started-at="2017-02-08T05:56:30Z" finished-at="2017-02-08T05:56:31Z">
          <reporter-output>
          </reporter-output>
        </test-method> <!-- closeBrowser -->
      </class> <!-- MAX.SeleniumHQJUNIT -->
    </test> <!-- Default test -->
  </suite> <!-- Default suite -->
</testng-results>
